# JRE version: 7.0_17-b02
# Java VM: Java HotSpot(TM) 64-Bit Server VM (23.7-b01 mixed mode windows-amd64 compressed oops)
Heap
 PSYoungGen      total 634432K, used 209938K [0x00000007c0560000, 0x00000007ea4d0000, 0x0000000800000000)
  eden space 611456K, 34% used [0x00000007c0560000,0x00000007cd264a68,0x00000007e5a80000)
  from space 22976K, 0% used [0x00000007e7ac0000,0x00000007e7ac0000,0x00000007e9130000)
  to   space 33024K, 0% used [0x00000007e5a80000,0x00000007e5a80000,0x00000007e7ac0000)
 ParOldGen       total 130368K, used 49774K [0x0000000741000000, 0x0000000748f50000, 0x00000007c0560000)
  object space 130368K, 38% used [0x0000000741000000,0x000000074409b8c8,0x0000000748f50000)
 PSPermGen       total 70016K, used 69993K [0x000000073be00000, 0x0000000740260000, 0x0000000741000000)
  object space 70016K, 99% used [0x000000073be00000,0x000000074025a6c0,0x0000000740260000)
GC Heap History (10 events):
Event: 5.906 GC heap before
{Heap before GC invocations=7 (full 0):
 PSYoungGen      total 208896K, used 206889K [0x00000007c0560000, 0x00000007ce360000, 0x0000000800000000)
  eden space 194304K, 100% used [0x00000007c0560000,0x00000007cc320000,0x00000007cc320000)
  from space 14592K, 86% used [0x00000007cd2a0000,0x00000007cdeea6f0,0x00000007ce0e0000)
  to   space 15872K, 0% used [0x00000007cc320000,0x00000007cc320000,0x00000007cd2a0000)
 ParOldGen       total 130368K, used 8440K [0x0000000741000000, 0x0000000748f50000, 0x00000007c0560000)
  object space 130368K, 6% used [0x0000000741000000,0x000000074183e300,0x0000000748f50000)
 PSPermGen       total 28160K, used 28156K [0x000000073be00000, 0x000000073d980000, 0x0000000741000000)
  object space 28160K, 99% used [0x000000073be00000,0x000000073d97f280,0x000000073d980000)
Event: 5.928 GC heap after
Heap after GC invocations=7 (full 0):
 PSYoungGen      total 210176K, used 10175K [0x00000007c0560000, 0x00000007d9f00000, 0x0000000800000000)
  eden space 194304K, 0% used [0x00000007c0560000,0x00000007c0560000,0x00000007cc320000)
  from space 15872K, 64% used [0x00000007cc320000,0x00000007ccd0fed0,0x00000007cd2a0000)
  to   space 15424K, 0% used [0x00000007d8ff0000,0x00000007d8ff0000,0x00000007d9f00000)
 ParOldGen       total 130368K, used 11172K [0x0000000741000000, 0x0000000748f50000, 0x00000007c0560000)
  object space 130368K, 8% used [0x0000000741000000,0x0000000741ae9070,0x0000000748f50000)
 PSPermGen       total 28160K, used 28156K [0x000000073be00000, 0x000000073d980000, 0x0000000741000000)
  object space 28160K, 99% used [0x000000073be00000,0x000000073d97f280,0x000000073d980000)
}
Event: 7.996 GC heap before
{Heap before GC invocations=8 (full 0):
 PSYoungGen      total 210176K, used 204479K [0x00000007c0560000, 0x00000007d9f00000, 0x0000000800000000)
  eden space 194304K, 100% used [0x00000007c0560000,0x00000007cc320000,0x00000007cc320000)
  from space 15872K, 64% used [0x00000007cc320000,0x00000007ccd0fed0,0x00000007cd2a0000)
  to   space 15424K, 0% used [0x00000007d8ff0000,0x00000007d8ff0000,0x00000007d9f00000)
 ParOldGen       total 130368K, used 11172K [0x0000000741000000, 0x0000000748f50000, 0x00000007c0560000)
  object space 130368K, 8% used [0x0000000741000000,0x0000000741ae9070,0x0000000748f50000)
 PSPermGen       total 33728K, used 33548K [0x000000073be00000, 0x000000073def0000, 0x0000000741000000)
  object space 33728K, 99% used [0x000000073be00000,0x000000073dec30e8,0x000000073def0000)
Event: 8.017 GC heap after
Heap after GC invocations=8 (full 0):
 PSYoungGen      total 403840K, used 11339K [0x00000007c0560000, 0x00000007d9f60000, 0x0000000800000000)
  eden space 388416K, 0% used [0x00000007c0560000,0x00000007c0560000,0x00000007d80b0000)
  from space 15424K, 73% used [0x00000007d8ff0000,0x00000007d9b02f10,0x00000007d9f00000)
  to   space 15616K, 0% used [0x00000007d80b0000,0x00000007d80b0000,0x00000007d8ff0000)
 ParOldGen       total 130368K, used 14901K [0x0000000741000000, 0x0000000748f50000, 0x00000007c0560000)
  object space 130368K, 11% used [0x0000000741000000,0x0000000741e8d7f8,0x0000000748f50000)
 PSPermGen       total 33728K, used 33548K [0x000000073be00000, 0x000000073def0000, 0x0000000741000000)
  object space 33728K, 99% used [0x000000073be00000,0x000000073dec30e8,0x000000073def0000)
}
Event: 13.036 GC heap before
{Heap before GC invocations=9 (full 0):
 PSYoungGen      total 403840K, used 399755K [0x00000007c0560000, 0x00000007d9f60000, 0x0000000800000000)
  eden space 388416K, 100% used [0x00000007c0560000,0x00000007d80b0000,0x00000007d80b0000)
  from space 15424K, 73% used [0x00000007d8ff0000,0x00000007d9b02f10,0x00000007d9f00000)
  to   space 15616K, 0% used [0x00000007d80b0000,0x00000007d80b0000,0x00000007d8ff0000)
 ParOldGen       total 130368K, used 14901K [0x0000000741000000, 0x0000000748f50000, 0x00000007c0560000)
  object space 130368K, 11% used [0x0000000741000000,0x0000000741e8d7f8,0x0000000748f50000)
 PSPermGen       total 53696K, used 53580K [0x000000073be00000, 0x000000073f270000, 0x0000000741000000)
  object space 53696K, 99% used [0x000000073be00000,0x000000073f2532b8,0x000000073f270000)
Event: 13.119 GC heap after
Heap after GC invocations=9 (full 0):
 PSYoungGen      total 404032K, used 15615K [0x00000007c0560000, 0x00000007e9130000, 0x0000000800000000)
  eden space 388416K, 0% used [0x00000007c0560000,0x00000007c0560000,0x00000007d80b0000)
  from space 15616K, 99% used [0x00000007d80b0000,0x00000007d8fefcc0,0x00000007d8ff0000)
  to   space 22976K, 0% used [0x00000007e7ac0000,0x00000007e7ac0000,0x00000007e9130000)
 ParOldGen       total 130368K, used 28742K [0x0000000741000000, 0x0000000748f50000, 0x00000007c0560000)
  object space 130368K, 22% used [0x0000000741000000,0x0000000742c119e8,0x0000000748f50000)
 PSPermGen       total 53696K, used 53580K [0x000000073be00000, 0x000000073f270000, 0x0000000741000000)
  object space 53696K, 99% used [0x000000073be00000,0x000000073f2532b8,0x000000073f270000)
}
Event: 16.133 GC heap before
{Heap before GC invocations=10 (full 0):
 PSYoungGen      total 404032K, used 329458K [0x00000007c0560000, 0x00000007e9130000, 0x0000000800000000)
  eden space 388416K, 80% used [0x00000007c0560000,0x00000007d37dcc38,0x00000007d80b0000)
  from space 15616K, 99% used [0x00000007d80b0000,0x00000007d8fefcc0,0x00000007d8ff0000)
  to   space 22976K, 0% used [0x00000007e7ac0000,0x00000007e7ac0000,0x00000007e9130000)
 ParOldGen       total 130368K, used 28742K [0x0000000741000000, 0x0000000748f50000, 0x00000007c0560000)
  object space 130368K, 22% used [0x0000000741000000,0x0000000742c119e8,0x0000000748f50000)
 PSPermGen       total 68288K, used 68189K [0x000000073be00000, 0x00000007400b0000, 0x0000000741000000)
  object space 68288K, 99% used [0x000000073be00000,0x00000007400974e0,0x00000007400b0000)
Event: 16.210 GC heap after
Heap after GC invocations=10 (full 0):
 PSYoungGen      total 634432K, used 22964K [0x00000007c0560000, 0x00000007ea4d0000, 0x0000000800000000)
  eden space 611456K, 0% used [0x00000007c0560000,0x00000007c0560000,0x00000007e5a80000)
  from space 22976K, 99% used [0x00000007e7ac0000,0x00000007e912d228,0x00000007e9130000)
  to   space 33024K, 0% used [0x00000007e5a80000,0x00000007e5a80000,0x00000007e7ac0000)
 ParOldGen       total 130368K, used 47721K [0x0000000741000000, 0x0000000748f50000, 0x00000007c0560000)
  object space 130368K, 36% used [0x0000000741000000,0x0000000743e9a728,0x0000000748f50000)
 PSPermGen       total 68288K, used 68189K [0x000000073be00000, 0x00000007400b0000, 0x0000000741000000)
  object space 68288K, 99% used [0x000000073be00000,0x00000007400974e0,0x00000007400b0000)
}
Event: 16.210 GC heap before
{Heap before GC invocations=11 (full 1):
 PSYoungGen      total 634432K, used 22964K [0x00000007c0560000, 0x00000007ea4d0000, 0x0000000800000000)
  eden space 611456K, 0% used [0x00000007c0560000,0x00000007c0560000,0x00000007e5a80000)
  from space 22976K, 99% used [0x00000007e7ac0000,0x00000007e912d228,0x00000007e9130000)
  to   space 33024K, 0% used [0x00000007e5a80000,0x00000007e5a80000,0x00000007e7ac0000)
 ParOldGen       total 130368K, used 47721K [0x0000000741000000, 0x0000000748f50000, 0x00000007c0560000)
  object space 130368K, 36% used [0x0000000741000000,0x0000000743e9a728,0x0000000748f50000)
 PSPermGen       total 68288K, used 68189K [0x000000073be00000, 0x00000007400b0000, 0x0000000741000000)
  object space 68288K, 99% used [0x000000073be00000,0x00000007400974e0,0x00000007400b0000)
Event: 16.584 GC heap after
Heap after GC invocations=11 (full 1):
 PSYoungGen      total 634432K, used 0K [0x00000007c0560000, 0x00000007ea4d0000, 0x0000000800000000)
  eden space 611456K, 0% used [0x00000007c0560000,0x00000007c0560000,0x00000007e5a80000)
  from space 22976K, 0% used [0x00000007e7ac0000,0x00000007e7ac0000,0x00000007e9130000)
  to   space 33024K, 0% used [0x00000007e5a80000,0x00000007e5a80000,0x00000007e7ac0000)
 ParOldGen       total 130368K, used 49774K [0x0000000741000000, 0x0000000748f50000, 0x00000007c0560000)
  object space 130368K, 38% used [0x0000000741000000,0x000000074409b8c8,0x0000000748f50000)
 PSPermGen       total 68288K, used 68153K [0x000000073be00000, 0x00000007400b0000, 0x0000000741000000)
  object space 68288K, 99% used [0x000000073be00000,0x000000074008e490,0x00000007400b0000)
}

